<?xml version="1.0" encoding="UTF-8"?>
<!-- Generated by org.testng.reporters.JUnitXMLReporter -->
<testsuite ignored="1" hostname="ATMECSINDT-083" failures="0" tests="3" name="Test" time="0.116" errors="0" timestamp="21 Aug 2019 13:06:10 GMT">
  <testcase classname="TestngGroupingTask.GroupingTestngTask" name="TestFour" time="0.033"/>
  <testcase classname="TestngGroupingTask.GroupingTestngTask" name="TestOne" time="0.005"/>
  <testcase classname="TestngGroupingTask.GroupingTestngTask" name="TestTwo" time="0.005"/>
  <testcase classname="TestngGroupingTask.GroupingTestngTask" name="TestThree" time="0.0">
    <ignored/>
  </testcase> <!-- TestThree -->
</testsuite> <!-- Test -->
